<?xml version="1.0" encoding="UTF-8"?>
<!-- Generated by org.testng.reporters.JUnitReportReporter -->
<testsuite hostname="techcircles-Mac-mini.local" failures="0" tests="1" name="pages.OrangHRMAddNation" time="20.210" errors="0" timestamp="2023-03-03T17:34:33 EST" skipped="0">
  <testcase classname="pages.OrangHRMAddNation" name="login" time="20.210"/>
  <system-out/>
</testsuite> <!-- pages.OrangHRMAddNation -->
