<?xml version="1.0" encoding="UTF-8"?>
<!-- Generated by org.testng.reporters.JUnitReportReporter -->
<testsuite hostname="techcircles-Mac-mini.local" failures="0" tests="3" name="package1Test.DependencyTestUsingAnnotation" time="0.045" errors="0" timestamp="2023-02-22T21:23:10 EST" skipped="0">
  <testcase classname="package1Test.DependencyTestUsingAnnotation" name="test2" time="0.013"/>
  <system-out/>
  <testcase classname="package1Test.DependencyTestUsingAnnotation" name="test1" time="0.029"/>
  <system-out/>
  <testcase classname="package1Test.DependencyTestUsingAnnotation" name="test3" time="0.003"/>
  <system-out/>
</testsuite> <!-- package1Test.DependencyTestUsingAnnotation -->
