<?xml version="1.0" encoding="UTF-8"?>
<!-- Generated by org.testng.reporters.JUnitReportReporter -->
<testsuite hostname="techcircles-Mac-mini.local" failures="0" tests="1" name="package1Test.testinBaseClass" time="13.302" errors="0" timestamp="2023-02-28T19:31:28 EST" skipped="0">
  <testcase classname="package1Test.testinBaseClass" name="test1" time="13.302"/>
  <system-out/>
</testsuite> <!-- package1Test.testinBaseClass -->
