<?xml version="1.0" encoding="UTF-8"?>
<!-- Generated by org.testng.reporters.JUnitReportReporter -->
<testsuite hostname="techcircles-Mac-mini.local" failures="0" tests="1" name="package1Test.testing2Practice" time="0.002" errors="0" timestamp="2023-02-23T19:44:49 EST" skipped="0">
  <testcase classname="package1Test.testing2Practice" name="test1" time="0.002"/>
  <system-out/>
</testsuite> <!-- package1Test.testing2Practice -->
