<?xml version="1.0" encoding="UTF-8"?>
<!-- Generated by org.testng.reporters.JUnitReportReporter -->
<testsuite hostname="techcircles-Mac-mini.local" failures="0" tests="2" name="package1Test.priorityTest" time="0.034" errors="0" timestamp="2023-02-27T20:36:03 EST" skipped="0">
  <testcase classname="package1Test.priorityTest" name="test3" time="0.030"/>
  <system-out/>
  <testcase classname="package1Test.priorityTest" name="test1" time="0.004"/>
  <system-out/>
</testsuite> <!-- package1Test.priorityTest -->
