<?xml version="1.0" encoding="UTF-8"?>
<!-- Generated by org.testng.reporters.JUnitReportReporter -->
<testsuite hostname="techcircles-Mac-mini.local" failures="0" tests="5" name="package1Test.TestParallel" time="209.902" errors="0" timestamp="2023-02-23T20:01:29 EST" skipped="0">
  <testcase classname="package1Test.TestParallel" name="method2" time="43.605"/>
  <system-out/>
  <testcase classname="package1Test.TestParallel" name="method1" time="41.489"/>
  <system-out/>
  <testcase classname="package1Test.TestParallel" name="method5" time="41.602"/>
  <system-out/>
  <testcase classname="package1Test.TestParallel" name="method3" time="41.603"/>
  <system-out/>
  <testcase classname="package1Test.TestParallel" name="method4" time="41.603"/>
  <system-out/>
</testsuite> <!-- package1Test.TestParallel -->
