<?xml version="1.0" encoding="UTF-8"?>
<!-- Generated by org.testng.reporters.JUnitReportReporter -->
<testsuite hostname="techcircles-Mac-mini.local" failures="0" tests="2" name="package1Test.ParameterizedTest1" time="0.013" errors="0" timestamp="2023-02-27T20:24:45 EST" skipped="0">
  <testcase classname="package1Test.ParameterizedTest1" name="parameterTest" time="0.011"/>
  <system-out/>
  <testcase classname="package1Test.ParameterizedTest1" name="parameterTestCar" time="0.002"/>
  <system-out/>
</testsuite> <!-- package1Test.ParameterizedTest1 -->
