<?xml version="1.0" encoding="UTF-8"?>
<!-- Generated by org.testng.reporters.JUnitReportReporter -->
<testsuite hostname="techcircles-Mac-mini.local" failures="0" tests="3" name="package1Test.dependsOnGroupsTest" time="0.006" errors="0" timestamp="2023-02-22T21:32:37 EST" skipped="1">
  <testcase classname="package1Test.dependsOnGroupsTest" name="test3" time="0.003"/>
  <system-out/>
  <testcase classname="package1Test.dependsOnGroupsTest" name="test1" time="0.002"/>
  <system-out/>
  <testcase classname="package1Test.dependsOnGroupsTest" name="test2" time="0.001">
    <skipped/>
  </testcase> <!-- test2 -->
  <system-out/>
</testsuite> <!-- package1Test.dependsOnGroupsTest -->
