<?xml version="1.0" encoding="UTF-8"?>
<!-- Generated by org.testng.reporters.JUnitReportReporter -->
<testsuite hostname="techcircles-Mac-mini.local" failures="0" tests="2" name="package1Test.IgnoreTest" time="0.005" errors="0" timestamp="2023-02-23T19:44:49 EST" skipped="0">
  <testcase classname="package1Test.IgnoreTest" name="testPrint" time="0.001"/>
  <system-out/>
  <testcase classname="package1Test.IgnoreTest" name="testPrint2" time="0.004"/>
  <system-out/>
</testsuite> <!-- package1Test.IgnoreTest -->
