<?xml version="1.0" encoding="UTF-8"?>
<!-- Generated by org.testng.reporters.JUnitReportReporter -->
<testsuite hostname="techcircles-Mac-mini.local" failures="0" tests="4" name="package1Test.testing1Practice" time="0.030" errors="0" timestamp="2023-02-21T21:53:40 EST" skipped="0">
  <testcase classname="package1Test.testing1Practice" name="test1" time="0.009"/>
  <system-out/>
  <testcase classname="package1Test.testing1Practice" name="test1" time="0.007"/>
  <system-out/>
  <testcase classname="package1Test.testing1Practice" name="test2" time="0.009"/>
  <system-out/>
  <testcase classname="package1Test.testing1Practice" name="test2" time="0.005"/>
  <system-out/>
</testsuite> <!-- package1Test.testing1Practice -->
