<?xml version="1.0" encoding="UTF-8"?>
<!-- Generated by org.testng.reporters.JUnitReportReporter -->
<testsuite hostname="techcircles-Mac-mini.local" failures="0" tests="1" name="package1Test.testingListeners" time="10.564" errors="0" timestamp="2023-02-27T19:38:20 EST" skipped="0">
  <testcase classname="package1Test.testingListeners" name="openBrowser" time="10.564"/>
  <system-out/>
</testsuite> <!-- package1Test.testingListeners -->
