<?xml version="1.0" encoding="UTF-8"?>
<!-- Generated by org.testng.reporters.JUnitReportReporter -->
<testsuite hostname="techcircles-Mac-mini.local" failures="0" tests="1" name="testCases.LoginTestCases" time="75.835" errors="0" timestamp="2023-03-07T19:55:10 EST" skipped="0">
  <testcase classname="testCases.LoginTestCases" name="testAdminSystemUserSearch" time="75.835"/>
  <system-out/>
</testsuite> <!-- testCases.LoginTestCases -->
